[INFO] Scanning for projects...
[INFO] 
[INFO] ------------------< es.deusto.spq:ParkingManagement >-------------------
[INFO] Building ParkingManagement 1.0-SNAPSHOT
[INFO] --------------------------------[ jar ]---------------------------------
[INFO] 
[INFO] --- maven-clean-plugin:2.5:clean (default-clean) @ ParkingManagement ---
[INFO] Deleting C:\Users\jonma\OneDrive\Escritorio\EasyBooking\BSPQ21-E4\target
[INFO] 
[INFO] --- maven-resources-plugin:2.6:resources (default-resources) @ ParkingManagement ---
[INFO] Using 'UTF-8' encoding to copy filtered resources.
[INFO] skip non existing resourceDirectory C:\Users\jonma\OneDrive\Escritorio\EasyBooking\BSPQ21-E4\src\main\resources
[INFO] 
[INFO] --- maven-compiler-plugin:3.7.0:compile (default-compile) @ ParkingManagement ---
[INFO] Changes detected - recompiling the module!
[INFO] Compiling 18 source files to C:\Users\jonma\OneDrive\Escritorio\EasyBooking\BSPQ21-E4\target\classes
[INFO] 
[INFO] --- datanucleus-maven-plugin:5.0.2:enhance (default) @ ParkingManagement ---
[INFO]   CP: C:\Users\jonma\.m2\repository\org\datanucleus\datanucleus-maven-plugin\5.0.2\datanucleus-maven-plugin-5.0.2.jar
[INFO]   CP: C:\Users\jonma\.m2\repository\org\codehaus\plexus\plexus-utils\3.0.8\plexus-utils-3.0.8.jar
[INFO]   CP: C:\Users\jonma\.m2\repository\org\apache\maven\maven-artifact\3.0.4\maven-artifact-3.0.4.jar
[INFO]   CP: C:\Users\jonma\.m2\repository\org\apache\maven\maven-plugin-api\3.0.4\maven-plugin-api-3.0.4.jar
[INFO]   CP: C:\Users\jonma\.m2\repository\org\apache\maven\maven-model\3.0.4\maven-model-3.0.4.jar
[INFO]   CP: C:\Users\jonma\.m2\repository\org\sonatype\sisu\sisu-inject-plexus\2.3.0\sisu-inject-plexus-2.3.0.jar
[INFO]   CP: C:\Users\jonma\.m2\repository\org\codehaus\plexus\plexus-component-annotations\1.5.5\plexus-component-annotations-1.5.5.jar
[INFO]   CP: C:\Users\jonma\.m2\repository\org\sonatype\sisu\sisu-inject-bean\2.3.0\sisu-inject-bean-2.3.0.jar
[INFO]   CP: C:\Users\jonma\.m2\repository\org\sonatype\sisu\sisu-guice\3.1.0\sisu-guice-3.1.0-no_aop.jar
[INFO]   CP: C:\Users\jonma\.m2\repository\org\sonatype\sisu\sisu-guava\0.9.9\sisu-guava-0.9.9.jar
[INFO]   CP: C:\Users\jonma\.m2\repository\org\codehaus\plexus\plexus-container-default\1.5.5\plexus-container-default-1.5.5.jar
[INFO]   CP: C:\Users\jonma\.m2\repository\org\codehaus\plexus\plexus-classworlds\2.2.2\plexus-classworlds-2.2.2.jar
[INFO]   CP: C:\Users\jonma\.m2\repository\org\apache\xbean\xbean-reflect\3.4\xbean-reflect-3.4.jar
[INFO]   CP: C:\Users\jonma\.m2\repository\log4j\log4j\1.2.12\log4j-1.2.12.jar
[INFO]   CP: C:\Users\jonma\.m2\repository\commons-logging\commons-logging-api\1.1\commons-logging-api-1.1.jar
[INFO]   CP: C:\Users\jonma\.m2\repository\com\google\collections\google-collections\1.0\google-collections-1.0.jar
[INFO]   CP: C:\Users\jonma\.m2\repository\junit\junit\3.8.2\junit-3.8.2.jar
[INFO]   CP: C:\Users\jonma\OneDrive\Escritorio\EasyBooking\BSPQ21-E4\target\classes
[INFO]   CP: C:\Users\jonma\.m2\repository\javax\jdo\jdo-api\3.1\jdo-api-3.1.jar
[INFO]   CP: C:\Users\jonma\.m2\repository\javax\transaction\transaction-api\1.1\transaction-api-1.1.jar
[INFO]   CP: C:\Users\jonma\.m2\repository\org\datanucleus\datanucleus-core\5.2.6\datanucleus-core-5.2.6.jar
[INFO]   CP: C:\Users\jonma\.m2\repository\org\datanucleus\datanucleus-api-jdo\5.2.5\datanucleus-api-jdo-5.2.5.jar
[INFO]   CP: C:\Users\jonma\.m2\repository\org\datanucleus\datanucleus-rdbms\5.2.6\datanucleus-rdbms-5.2.6.jar
[INFO]   CP: C:\Users\jonma\.m2\repository\org\datanucleus\javax.jdo\3.2.0-m13\javax.jdo-3.2.0-m13.jar
[INFO]   CP: C:\Users\jonma\.m2\repository\mysql\mysql-connector-java\5.1.45\mysql-connector-java-5.1.45.jar
[INFO]   CP: C:\Users\jonma\.m2\repository\org\mockito\mockito-core\2.18.0\mockito-core-2.18.0.jar
[INFO]   CP: C:\Users\jonma\.m2\repository\net\bytebuddy\byte-buddy\1.8.3\byte-buddy-1.8.3.jar
[INFO]   CP: C:\Users\jonma\.m2\repository\net\bytebuddy\byte-buddy-agent\1.8.3\byte-buddy-agent-1.8.3.jar
[INFO]   CP: C:\Users\jonma\.m2\repository\org\objenesis\objenesis\2.6\objenesis-2.6.jar
[INFO]   CP: C:\Users\jonma\.m2\repository\log4j\log4j\1.2.17\log4j-1.2.17.jar
log4j:WARN No appenders could be found for logger (DataNucleus.General).
log4j:WARN Please initialize the log4j system properly.
DataNucleus Enhancer (versión 5.2.6) para el API "JDO" utilisando el JRE "{2}"
DataNucleus Enhancer : Classpath
>>  C:\apache-maven-3.6.3\bin\..\boot\plexus-classworlds-2.6.0.jar
ENHANCED (Persistable) : bspq21_e4.ParkingManagement.server.data.Parking
ENHANCED (Persistable) : bspq21_e4.ParkingManagement.server.data.Slot
ENHANCED (Persistable) : bspq21_e4.ParkingManagement.server.data.User
DataNucleus Enhancer ha terminado con exito para 3 clases. Tiempos : input=121 ms, enhance=94 ms, total=215 ms. Compruebe el LOG para los detalles
[INFO] 
[INFO] --- maven-resources-plugin:2.6:testResources (default-testResources) @ ParkingManagement ---
[INFO] Using 'UTF-8' encoding to copy filtered resources.
[INFO] skip non existing resourceDirectory C:\Users\jonma\OneDrive\Escritorio\EasyBooking\BSPQ21-E4\src\test\resources
[INFO] 
[INFO] --- maven-compiler-plugin:3.7.0:testCompile (default-testCompile) @ ParkingManagement ---
[INFO] Changes detected - recompiling the module!
[INFO] Compiling 2 source files to C:\Users\jonma\OneDrive\Escritorio\EasyBooking\BSPQ21-E4\target\test-classes
[INFO] 
[INFO] --- maven-surefire-plugin:2.12.4:test (default-test) @ ParkingManagement ---
[INFO] Surefire report directory: C:\Users\jonma\OneDrive\Escritorio\EasyBooking\BSPQ21-E4\target\surefire-reports

-------------------------------------------------------
 T E S T S
-------------------------------------------------------
Running es.deusto.spq.AppTest
Tests run: 1, Failures: 0, Errors: 0, Skipped: 0, Time elapsed: 0.091 sec

Results :

Tests run: 1, Failures: 0, Errors: 0, Skipped: 0

[INFO] 
[INFO] --- maven-jar-plugin:2.4:jar (default-jar) @ ParkingManagement ---
[INFO] Building jar: C:\Users\jonma\OneDrive\Escritorio\EasyBooking\BSPQ21-E4\target\ParkingManagement-1.0-SNAPSHOT.jar
[INFO] 
[INFO] --- maven-install-plugin:2.4:install (default-install) @ ParkingManagement ---
[INFO] Downloading from DataNucleus_2: http://www.datanucleus.org/downloads/maven2/org/codehaus/plexus/plexus-utils/3.0.5/plexus-utils-3.0.5.jar
[INFO] Downloading from DataNucleus_2: http://www.datanucleus.org/downloads/maven2/org/codehaus/plexus/plexus-digest/1.0/plexus-digest-1.0.jar
[INFO] Downloading from central: https://repo.maven.apache.org/maven2/org/codehaus/plexus/plexus-utils/3.0.5/plexus-utils-3.0.5.jar
[INFO] Downloading from central: https://repo.maven.apache.org/maven2/org/codehaus/plexus/plexus-digest/1.0/plexus-digest-1.0.jar
[INFO] Downloaded from central: https://repo.maven.apache.org/maven2/org/codehaus/plexus/plexus-digest/1.0/plexus-digest-1.0.jar (12 kB at 41 kB/s)
[INFO] Downloaded from central: https://repo.maven.apache.org/maven2/org/codehaus/plexus/plexus-utils/3.0.5/plexus-utils-3.0.5.jar (230 kB at 455 kB/s)
[INFO] Installing C:\Users\jonma\OneDrive\Escritorio\EasyBooking\BSPQ21-E4\target\ParkingManagement-1.0-SNAPSHOT.jar to C:\Users\jonma\.m2\repository\es\deusto\spq\ParkingManagement\1.0-SNAPSHOT\ParkingManagement-1.0-SNAPSHOT.jar
[INFO] Installing C:\Users\jonma\OneDrive\Escritorio\EasyBooking\BSPQ21-E4\pom.xml to C:\Users\jonma\.m2\repository\es\deusto\spq\ParkingManagement\1.0-SNAPSHOT\ParkingManagement-1.0-SNAPSHOT.pom
[INFO] ------------------------------------------------------------------------
[INFO] BUILD SUCCESS
[INFO] ------------------------------------------------------------------------
[INFO] Total time:  7.778 s
[INFO] Finished at: 2021-04-11T19:00:00+02:00
[INFO] ------------------------------------------------------------------------
